# JRE version: Java(TM) SE Runtime Environment (8.0_131-b11) (build 1.8.0_131-b11)
# Java VM: Java HotSpot(TM) 64-Bit Server VM (25.131-b11 mixed mode linux-amd64 compressed oops)
Heap:
 PSYoungGen      total 132096K, used 126976K [0x00000000d6c00000, 0x00000000df200000, 0x0000000100000000)
  eden space 126976K, 100% used [0x00000000d6c00000,0x00000000de800000,0x00000000de800000)
  from space 5120K, 0% used [0x00000000ded00000,0x00000000ded00000,0x00000000df200000)
  to   space 5120K, 99% used [0x00000000de800000,0x00000000decfc030,0x00000000ded00000)
 ParOldGen       total 52224K, used 16194K [0x0000000084400000, 0x0000000087700000, 0x00000000d6c00000)
  object space 52224K, 31% used [0x0000000084400000,0x00000000853d0a90,0x0000000087700000)
 Metaspace       used 29021K, capacity 29308K, committed 29568K, reserved 1075200K
  class space    used 3569K, capacity 3647K, committed 3712K, reserved 1048576K
GC Heap History (10 events):
Event: 1.027 GC heap after
Heap after GC invocations=1 (full 0):
 PSYoungGen      total 36864K, used 5116K [0x00000000d6c00000, 0x00000000db400000, 0x0000000100000000)
  eden space 31744K, 0% used [0x00000000d6c00000,0x00000000d6c00000,0x00000000d8b00000)
  from space 5120K, 99% used [0x00000000d8b00000,0x00000000d8fff118,0x00000000d9000000)
  to   space 5120K, 0% used [0x00000000daf00000,0x00000000daf00000,0x00000000db400000)
 ParOldGen       total 84992K, used 1321K [0x0000000084400000, 0x0000000089700000, 0x00000000d6c00000)
  object space 84992K, 1% used [0x0000000084400000,0x000000008454a660,0x0000000089700000)
 Metaspace       used 13092K, capacity 13328K, committed 13440K, reserved 1060864K
  class space    used 1536K, capacity 1606K, committed 1664K, reserved 1048576K
}
Event: 1.531 GC heap before
{Heap before GC invocations=2 (full 0):
 PSYoungGen      total 36864K, used 36860K [0x00000000d6c00000, 0x00000000db400000, 0x0000000100000000)
  eden space 31744K, 100% used [0x00000000d6c00000,0x00000000d8b00000,0x00000000d8b00000)
  from space 5120K, 99% used [0x00000000d8b00000,0x00000000d8fff118,0x00000000d9000000)
  to   space 5120K, 0% used [0x00000000daf00000,0x00000000daf00000,0x00000000db400000)
 ParOldGen       total 84992K, used 1321K [0x0000000084400000, 0x0000000089700000, 0x00000000d6c00000)
  object space 84992K, 1% used [0x0000000084400000,0x000000008454a660,0x0000000089700000)
 Metaspace       used 18361K, capacity 18558K, committed 18816K, reserved 1064960K
  class space    used 2277K, capacity 2355K, committed 2432K, reserved 1048576K
Event: 1.557 GC heap after
Heap after GC invocations=2 (full 0):
 PSYoungGen      total 68608K, used 5117K [0x00000000d6c00000, 0x00000000db400000, 0x0000000100000000)
  eden space 63488K, 0% used [0x00000000d6c00000,0x00000000d6c00000,0x00000000daa00000)
  from space 5120K, 99% used [0x00000000daf00000,0x00000000db3ff560,0x00000000db400000)
  to   space 5120K, 0% used [0x00000000daa00000,0x00000000daa00000,0x00000000daf00000)
 ParOldGen       total 84992K, used 6111K [0x0000000084400000, 0x0000000089700000, 0x00000000d6c00000)
  object space 84992K, 7% used [0x0000000084400000,0x00000000849f7d38,0x0000000089700000)
 Metaspace       used 18361K, capacity 18558K, committed 18816K, reserved 1064960K
  class space    used 2277K, capacity 2355K, committed 2432K, reserved 1048576K
}
Event: 2.249 GC heap before
{Heap before GC invocations=3 (full 0):
 PSYoungGen      total 68608K, used 68605K [0x00000000d6c00000, 0x00000000db400000, 0x0000000100000000)
  eden space 63488K, 100% used [0x00000000d6c00000,0x00000000daa00000,0x00000000daa00000)
  from space 5120K, 99% used [0x00000000daf00000,0x00000000db3ff560,0x00000000db400000)
  to   space 5120K, 0% used [0x00000000daa00000,0x00000000daa00000,0x00000000daf00000)
 ParOldGen       total 84992K, used 6111K [0x0000000084400000, 0x0000000089700000, 0x00000000d6c00000)
  object space 84992K, 7% used [0x0000000084400000,0x00000000849f7d38,0x0000000089700000)
 Metaspace       used 20919K, capacity 21204K, committed 21296K, reserved 1069056K
  class space    used 2562K, capacity 2643K, committed 2688K, reserved 1048576K
Event: 2.272 GC heap after
Heap after GC invocations=3 (full 0):
 PSYoungGen      total 68608K, used 5104K [0x00000000d6c00000, 0x00000000df200000, 0x0000000100000000)
  eden space 63488K, 0% used [0x00000000d6c00000,0x00000000d6c00000,0x00000000daa00000)
  from space 5120K, 99% used [0x00000000daa00000,0x00000000daefc030,0x00000000daf00000)
  to   space 5120K, 0% used [0x00000000ded00000,0x00000000ded00000,0x00000000df200000)
 ParOldGen       total 84992K, used 10645K [0x0000000084400000, 0x0000000089700000, 0x00000000d6c00000)
  object space 84992K, 12% used [0x0000000084400000,0x0000000084e654f0,0x0000000089700000)
 Metaspace       used 20919K, capacity 21204K, committed 21296K, reserved 1069056K
  class space    used 2562K, capacity 2643K, committed 2688K, reserved 1048576K
}
Event: 2.283 GC heap before
{Heap before GC invocations=4 (full 0):
 PSYoungGen      total 68608K, used 7290K [0x00000000d6c00000, 0x00000000df200000, 0x0000000100000000)
  eden space 63488K, 3% used [0x00000000d6c00000,0x00000000d6e22a48,0x00000000daa00000)
  from space 5120K, 99% used [0x00000000daa00000,0x00000000daefc030,0x00000000daf00000)
  to   space 5120K, 0% used [0x00000000ded00000,0x00000000ded00000,0x00000000df200000)
 ParOldGen       total 84992K, used 10645K [0x0000000084400000, 0x0000000089700000, 0x00000000d6c00000)
  object space 84992K, 12% used [0x0000000084400000,0x0000000084e654f0,0x0000000089700000)
 Metaspace       used 20958K, capacity 21204K, committed 21296K, reserved 1069056K
  class space    used 2564K, capacity 2643K, committed 2688K, reserved 1048576K
Event: 2.297 GC heap after
Heap after GC invocations=4 (full 0):
 PSYoungGen      total 132096K, used 5116K [0x00000000d6c00000, 0x00000000df200000, 0x0000000100000000)
  eden space 126976K, 0% used [0x00000000d6c00000,0x00000000d6c00000,0x00000000de800000)
  from space 5120K, 99% used [0x00000000ded00000,0x00000000df1ff348,0x00000000df200000)
  to   space 5120K, 0% used [0x00000000de800000,0x00000000de800000,0x00000000ded00000)
 ParOldGen       total 84992K, used 10731K [0x0000000084400000, 0x0000000089700000, 0x00000000d6c00000)
  object space 84992K, 12% used [0x0000000084400000,0x0000000084e7acc0,0x0000000089700000)
 Metaspace       used 20958K, capacity 21204K, committed 21296K, reserved 1069056K
  class space    used 2564K, capacity 2643K, committed 2688K, reserved 1048576K
}
Event: 2.297 GC heap before
{Heap before GC invocations=5 (full 1):
 PSYoungGen      total 132096K, used 5116K [0x00000000d6c00000, 0x00000000df200000, 0x0000000100000000)
  eden space 126976K, 0% used [0x00000000d6c00000,0x00000000d6c00000,0x00000000de800000)
  from space 5120K, 99% used [0x00000000ded00000,0x00000000df1ff348,0x00000000df200000)
  to   space 5120K, 0% used [0x00000000de800000,0x00000000de800000,0x00000000ded00000)
 ParOldGen       total 84992K, used 10731K [0x0000000084400000, 0x0000000089700000, 0x00000000d6c00000)
  object space 84992K, 12% used [0x0000000084400000,0x0000000084e7acc0,0x0000000089700000)
 Metaspace       used 20958K, capacity 21204K, committed 21296K, reserved 1069056K
  class space    used 2564K, capacity 2643K, committed 2688K, reserved 1048576K
Event: 2.346 GC heap after
Heap after GC invocations=5 (full 1):
 PSYoungGen      total 132096K, used 0K [0x00000000d6c00000, 0x00000000df200000, 0x0000000100000000)
  eden space 126976K, 0% used [0x00000000d6c00000,0x00000000d6c00000,0x00000000de800000)
  from space 5120K, 0% used [0x00000000ded00000,0x00000000ded00000,0x00000000df200000)
  to   space 5120K, 0% used [0x00000000de800000,0x00000000de800000,0x00000000ded00000)
 ParOldGen       total 52224K, used 9317K [0x0000000084400000, 0x0000000087700000, 0x00000000d6c00000)
  object space 52224K, 17% used [0x0000000084400000,0x0000000084d19748,0x0000000087700000)
 Metaspace       used 20958K, capacity 21204K, committed 21296K, reserved 1069056K
  class space    used 2564K, capacity 2643K, committed 2688K, reserved 1048576K
}
Event: 4.643 GC heap before
{Heap before GC invocations=6 (full 1):
 PSYoungGen      total 132096K, used 126976K [0x00000000d6c00000, 0x00000000df200000, 0x0000000100000000)
  eden space 126976K, 100% used [0x00000000d6c00000,0x00000000de800000,0x00000000de800000)
  from space 5120K, 0% used [0x00000000ded00000,0x00000000ded00000,0x00000000df200000)
  to   space 5120K, 0% used [0x00000000de800000,0x00000000de800000,0x00000000ded00000)
 ParOldGen       total 52224K, used 9317K [0x0000000084400000, 0x0000000087700000, 0x00000000d6c00000)
  object space 52224K, 17% used [0x0000000084400000,0x0000000084d19748,0x0000000087700000)
 Metaspace       used 29021K, capacity 29308K, committed 29568K, reserved 1075200K
  class space    used 3569K, capacity 3647K, committed 3712K, reserved 1048576K

